<?xml version="1.0" encoding="UTF-8"?>
<!-- Generated by org.testng.reporters.JUnitReportReporter -->
<testsuite skipped="0" hostname="DESKTOP-97D06MC" name="testeGrid.dutra.fabiano.GoogleTest" tests="1" failures="0" timestamp="13 abr 2019 17:15:13 GMT" time="6.380" errors="0">
  <testcase name="google" time="6.380" classname="testeGrid.dutra.fabiano.GoogleTest"/>
</testsuite> <!-- testeGrid.dutra.fabiano.GoogleTest -->
